2025-07-12 10:54:41,285 - WARNING - Файл service-account-key.json не найден
2025-07-12 10:54:41,287 - WARNING - Docker недоступен: Error while fetching server API version: (2, 'CreateFile', 'Не удается найти указанный файл.')
2025-07-12 10:54:41,293 - INFO - ============================================================
2025-07-12 10:54:41,293 - INFO - Начало полного обнаружения баз данных
2025-07-12 10:54:41,293 - INFO - ============================================================
2025-07-12 10:54:41,294 - INFO - Сканирование сетевых портов...
2025-07-12 10:54:57,356 - INFO - Обнаружена postgresql на порту 5432
2025-07-12 10:54:57,359 - INFO - Обнаружена mongodb на порту 27017
2025-07-12 10:54:57,359 - INFO - Обнаружено 2 БД через сканирование портов
2025-07-12 10:54:57,361 - INFO - Сканирование системных процессов...
2025-07-12 10:54:58,718 - WARNING - Не удалось получить список БД для mongodb: [WinError 2] Не удается найти указанный файл
2025-07-12 10:54:58,724 - WARNING - Не удалось получить список БД для postgresql: [WinError 2] Не удается найти указанный файл
2025-07-12 10:54:58,738 - WARNING - Не удалось получить список БД для postgresql: [WinError 2] Не удается найти указанный файл
2025-07-12 10:54:58,743 - WARNING - Не удалось получить список БД для postgresql: [WinError 2] Не удается найти указанный файл
2025-07-12 10:54:58,748 - WARNING - Не удалось получить список БД для postgresql: [WinError 2] Не удается найти указанный файл
2025-07-12 10:54:58,753 - WARNING - Не удалось получить список БД для postgresql: [WinError 2] Не удается найти указанный файл
2025-07-12 10:54:58,759 - WARNING - Не удалось получить список БД для postgresql: [WinError 2] Не удается найти указанный файл
2025-07-12 10:54:58,764 - WARNING - Не удалось получить список БД для postgresql: [WinError 2] Не удается найти указанный файл
2025-07-12 10:54:58,821 - INFO - Найдено 8 системных баз данных
2025-07-12 10:54:58,824 - INFO - После удаления дубликатов: 2 уникальных БД
2025-07-12 10:54:58,824 - INFO - ============================================================
2025-07-12 10:54:58,824 - INFO - Обнаружение завершено: 2 уникальных БД
2025-07-12 10:54:58,824 - INFO - ============================================================
2025-07-12 10:54:58,825 - INFO - Отчет об обнаружении сохранен: ./backups\discovery_report_20250712_105458.json
2025-07-12 10:54:58,832 - INFO -   mongodb: 1
2025-07-12 10:54:58,832 - INFO -   postgresql: 1
2025-07-12 10:54:58,834 - INFO -   network_scan: 2
2025-07-12 10:54:58,834 - INFO -   system: 2
2025-07-12 10:54:58,836 - INFO - 
================================================================================
2025-07-12 10:54:58,839 - INFO - ================================================================================
2025-07-12 10:54:58,863 - INFO - ================================================================================
2025-07-12 11:01:23,271 - WARNING - Файл service-account-key.json не найден
2025-07-12 11:01:23,274 - WARNING - Docker недоступен: Error while fetching server API version: (2, 'CreateFile', 'Не удается найти указанный файл.')
2025-07-12 11:01:23,277 - INFO - ============================================================
2025-07-12 11:01:23,277 - INFO - Начало полного обнаружения баз данных
2025-07-12 11:01:23,277 - INFO - ============================================================
2025-07-12 11:01:23,279 - INFO - Сканирование сетевых портов...
2025-07-12 11:04:04,939 - WARNING - Файл service-account-key.json не найден
2025-07-12 11:04:04,943 - WARNING - Docker недоступен: Error while fetching server API version: (2, 'CreateFile', 'Не удается найти указанный файл.')
2025-07-12 11:04:04,946 - INFO - ============================================================
2025-07-12 11:04:04,946 - INFO - Начало полного обнаружения баз данных
2025-07-12 11:04:04,946 - INFO - ============================================================
2025-07-12 11:04:04,947 - INFO - Сканирование сетевых портов...
2025-07-12 11:11:01,351 - WARNING - Файл service-account-key.json не найден
2025-07-12 11:11:01,353 - WARNING - Docker недоступен: Error while fetching server API version: (2, 'CreateFile', 'Не удается найти указанный файл.')
2025-07-12 11:11:01,361 - INFO - ============================================================
2025-07-12 11:11:01,361 - INFO - Начало полного обнаружения баз данных
2025-07-12 11:11:01,361 - INFO - ============================================================
2025-07-12 11:11:01,362 - INFO - Сканирование сетевых портов...
2025-07-12 11:12:36,269 - WARNING - Файл service-account-key.json не найден
2025-07-12 11:12:36,271 - WARNING - Docker недоступен: Error while fetching server API version: (2, 'CreateFile', 'Не удается найти указанный файл.')
2025-07-12 11:12:36,275 - INFO - ============================================================
2025-07-12 11:12:36,275 - INFO - Начало полного обнаружения баз данных
2025-07-12 11:12:36,276 - INFO - ============================================================
2025-07-12 11:12:36,277 - INFO - Сканирование сетевых портов...
2025-07-12 11:12:52,358 - INFO - Обнаружена postgresql на порту 5432
2025-07-12 11:12:52,361 - INFO - Обнаружена mongodb на порту 27017
2025-07-12 11:12:52,361 - INFO - Обнаружено 2 БД через сканирование портов
2025-07-12 11:12:52,363 - INFO - Сканирование системных процессов...
2025-07-12 11:12:53,703 - WARNING - Не удалось получить список БД для mongodb: [WinError 2] Не удается найти указанный файл
2025-07-12 11:12:53,706 - WARNING - Пароль PostgreSQL не задан в переменных окружения (PGPASSWORD или POSTGRES_PASSWORD)
2025-07-12 11:12:53,714 - WARNING - Пароль PostgreSQL не задан в переменных окружения (PGPASSWORD или POSTGRES_PASSWORD)
2025-07-12 11:12:53,716 - WARNING - Пароль PostgreSQL не задан в переменных окружения (PGPASSWORD или POSTGRES_PASSWORD)
2025-07-12 11:12:53,717 - WARNING - Пароль PostgreSQL не задан в переменных окружения (PGPASSWORD или POSTGRES_PASSWORD)
2025-07-12 11:12:53,719 - WARNING - Пароль PostgreSQL не задан в переменных окружения (PGPASSWORD или POSTGRES_PASSWORD)
2025-07-12 11:12:53,721 - WARNING - Пароль PostgreSQL не задан в переменных окружения (PGPASSWORD или POSTGRES_PASSWORD)
2025-07-12 11:12:53,723 - WARNING - Пароль PostgreSQL не задан в переменных окружения (PGPASSWORD или POSTGRES_PASSWORD)
2025-07-12 11:12:53,764 - INFO - Найдено 8 системных баз данных
2025-07-12 11:12:53,767 - INFO - После удаления дубликатов: 2 уникальных БД
2025-07-12 11:12:53,767 - INFO - ============================================================
2025-07-12 11:12:53,767 - INFO - Обнаружение завершено: 2 уникальных БД
2025-07-12 11:12:53,767 - INFO - ============================================================
2025-07-12 11:12:53,767 - INFO - Отчет об обнаружении сохранен: ./backups\discovery_report_20250712_111253.json
2025-07-12 11:12:53,774 - INFO -   mongodb: 1
2025-07-12 11:12:53,774 - INFO -   postgresql: 1
2025-07-12 11:12:53,776 - INFO -   network_scan: 2
2025-07-12 11:12:53,776 - INFO -   system: 2
2025-07-12 11:12:53,777 - INFO - 
================================================================================
2025-07-12 11:12:53,779 - INFO - ================================================================================
2025-07-12 11:12:53,797 - INFO - ================================================================================
